  DBManager.cpp
c:\users\osy96\onedrive\바탕 화면\serverproject\server\server\protocol.h(74): warning C4267: '=': 'size_t'에서 'int'(으)로 변환하면서 데이터가 손실될 수 있습니다.
c:\users\osy96\onedrive\바탕 화면\serverproject\server\server\protocol.h(96): warning C4267: '=': 'size_t'에서 'int'(으)로 변환하면서 데이터가 손실될 수 있습니다.
c:\users\osy96\onedrive\바탕 화면\serverproject\server\server\protocol.h(119): warning C4267: '=': 'size_t'에서 'int'(으)로 변환하면서 데이터가 손실될 수 있습니다.
c:\users\osy96\onedrive\바탕 화면\serverproject\server\server\protocol.h(132): warning C4267: '=': 'size_t'에서 'int'(으)로 변환하면서 데이터가 손실될 수 있습니다.
c:\users\osy96\onedrive\바탕 화면\serverproject\server\server\protocol.h(146): warning C4267: '=': 'size_t'에서 'int'(으)로 변환하면서 데이터가 손실될 수 있습니다.
c:\users\osy96\onedrive\바탕 화면\serverproject\server\server\protocol.h(175): warning C4267: '=': 'size_t'에서 'int'(으)로 변환하면서 데이터가 손실될 수 있습니다.
c:\users\osy96\onedrive\바탕 화면\serverproject\server\server\protocol.h(210): warning C4267: '=': 'size_t'에서 'int'(으)로 변환하면서 데이터가 손실될 수 있습니다.
c:\users\osy96\onedrive\바탕 화면\serverproject\server\server\protocol.h(229): warning C4267: '=': 'size_t'에서 'int'(으)로 변환하면서 데이터가 손실될 수 있습니다.
c:\users\osy96\onedrive\바탕 화면\serverproject\server\server\gameserver.h(182): warning C4267: '인수': 'size_t'에서 'int'(으)로 변환하면서 데이터가 손실될 수 있습니다.
c:\users\osy96\onedrive\바탕 화면\serverproject\server\server\gameserver.h(286): warning C4101: 'ex' :참조되지 않은 지역 변수입니다.
c:\users\osy96\onedrive\바탕 화면\serverproject\server\server\gameserver.h(302): warning C4267: '인수': 'size_t'에서 'int'(으)로 변환하면서 데이터가 손실될 수 있습니다.
c:\users\osy96\onedrive\바탕 화면\serverproject\server\server\gameserver.h(314): warning C4267: '인수': 'size_t'에서 'int'(으)로 변환하면서 데이터가 손실될 수 있습니다.
  RoomManager.cpp
c:\users\osy96\onedrive\바탕 화면\serverproject\server\server\protocol.h(74): warning C4267: '=': 'size_t'에서 'int'(으)로 변환하면서 데이터가 손실될 수 있습니다.
c:\users\osy96\onedrive\바탕 화면\serverproject\server\server\protocol.h(96): warning C4267: '=': 'size_t'에서 'int'(으)로 변환하면서 데이터가 손실될 수 있습니다.
c:\users\osy96\onedrive\바탕 화면\serverproject\server\server\protocol.h(119): warning C4267: '=': 'size_t'에서 'int'(으)로 변환하면서 데이터가 손실될 수 있습니다.
c:\users\osy96\onedrive\바탕 화면\serverproject\server\server\protocol.h(132): warning C4267: '=': 'size_t'에서 'int'(으)로 변환하면서 데이터가 손실될 수 있습니다.
c:\users\osy96\onedrive\바탕 화면\serverproject\server\server\protocol.h(146): warning C4267: '=': 'size_t'에서 'int'(으)로 변환하면서 데이터가 손실될 수 있습니다.
c:\users\osy96\onedrive\바탕 화면\serverproject\server\server\protocol.h(175): warning C4267: '=': 'size_t'에서 'int'(으)로 변환하면서 데이터가 손실될 수 있습니다.
c:\users\osy96\onedrive\바탕 화면\serverproject\server\server\protocol.h(210): warning C4267: '=': 'size_t'에서 'int'(으)로 변환하면서 데이터가 손실될 수 있습니다.
c:\users\osy96\onedrive\바탕 화면\serverproject\server\server\protocol.h(229): warning C4267: '=': 'size_t'에서 'int'(으)로 변환하면서 데이터가 손실될 수 있습니다.
c:\users\osy96\onedrive\바탕 화면\serverproject\server\server\gameserver.h(182): warning C4267: '인수': 'size_t'에서 'int'(으)로 변환하면서 데이터가 손실될 수 있습니다.
c:\users\osy96\onedrive\바탕 화면\serverproject\server\server\gameserver.h(286): warning C4101: 'ex' :참조되지 않은 지역 변수입니다.
c:\users\osy96\onedrive\바탕 화면\serverproject\server\server\gameserver.h(302): warning C4267: '인수': 'size_t'에서 'int'(으)로 변환하면서 데이터가 손실될 수 있습니다.
c:\users\osy96\onedrive\바탕 화면\serverproject\server\server\gameserver.h(314): warning C4267: '인수': 'size_t'에서 'int'(으)로 변환하면서 데이터가 손실될 수 있습니다.
  ServerSession.cpp
c:\users\osy96\onedrive\바탕 화면\serverproject\server\server\protocol.h(74): warning C4267: '=': 'size_t'에서 'int'(으)로 변환하면서 데이터가 손실될 수 있습니다.
c:\users\osy96\onedrive\바탕 화면\serverproject\server\server\protocol.h(96): warning C4267: '=': 'size_t'에서 'int'(으)로 변환하면서 데이터가 손실될 수 있습니다.
c:\users\osy96\onedrive\바탕 화면\serverproject\server\server\protocol.h(119): warning C4267: '=': 'size_t'에서 'int'(으)로 변환하면서 데이터가 손실될 수 있습니다.
c:\users\osy96\onedrive\바탕 화면\serverproject\server\server\protocol.h(132): warning C4267: '=': 'size_t'에서 'int'(으)로 변환하면서 데이터가 손실될 수 있습니다.
c:\users\osy96\onedrive\바탕 화면\serverproject\server\server\protocol.h(146): warning C4267: '=': 'size_t'에서 'int'(으)로 변환하면서 데이터가 손실될 수 있습니다.
c:\users\osy96\onedrive\바탕 화면\serverproject\server\server\protocol.h(175): warning C4267: '=': 'size_t'에서 'int'(으)로 변환하면서 데이터가 손실될 수 있습니다.
c:\users\osy96\onedrive\바탕 화면\serverproject\server\server\protocol.h(210): warning C4267: '=': 'size_t'에서 'int'(으)로 변환하면서 데이터가 손실될 수 있습니다.
c:\users\osy96\onedrive\바탕 화면\serverproject\server\server\protocol.h(229): warning C4267: '=': 'size_t'에서 'int'(으)로 변환하면서 데이터가 손실될 수 있습니다.
c:\users\osy96\onedrive\바탕 화면\serverproject\server\server\gameserver.h(182): warning C4267: '인수': 'size_t'에서 'int'(으)로 변환하면서 데이터가 손실될 수 있습니다.
c:\users\osy96\onedrive\바탕 화면\serverproject\server\server\gameserver.h(286): warning C4101: 'ex' :참조되지 않은 지역 변수입니다.
c:\users\osy96\onedrive\바탕 화면\serverproject\server\server\gameserver.h(302): warning C4267: '인수': 'size_t'에서 'int'(으)로 변환하면서 데이터가 손실될 수 있습니다.
c:\users\osy96\onedrive\바탕 화면\serverproject\server\server\gameserver.h(314): warning C4267: '인수': 'size_t'에서 'int'(으)로 변환하면서 데이터가 손실될 수 있습니다.
c:\users\osy96\onedrive\바탕 화면\serverproject\server\server\serversession.cpp(99): warning C4267: '인수': 'size_t'에서 'const int'(으)로 변환하면서 데이터가 손실될 수 있습니다.
c:\users\osy96\onedrive\바탕 화면\serverproject\server\server\serversession.cpp(135): warning C4267: '초기화 중': 'size_t'에서 'int'(으)로 변환하면서 데이터가 손실될 수 있습니다.
  main.cpp
c:\users\osy96\onedrive\바탕 화면\serverproject\server\server\protocol.h(74): warning C4267: '=': 'size_t'에서 'int'(으)로 변환하면서 데이터가 손실될 수 있습니다.
c:\users\osy96\onedrive\바탕 화면\serverproject\server\server\protocol.h(96): warning C4267: '=': 'size_t'에서 'int'(으)로 변환하면서 데이터가 손실될 수 있습니다.
c:\users\osy96\onedrive\바탕 화면\serverproject\server\server\protocol.h(119): warning C4267: '=': 'size_t'에서 'int'(으)로 변환하면서 데이터가 손실될 수 있습니다.
c:\users\osy96\onedrive\바탕 화면\serverproject\server\server\protocol.h(132): warning C4267: '=': 'size_t'에서 'int'(으)로 변환하면서 데이터가 손실될 수 있습니다.
c:\users\osy96\onedrive\바탕 화면\serverproject\server\server\protocol.h(146): warning C4267: '=': 'size_t'에서 'int'(으)로 변환하면서 데이터가 손실될 수 있습니다.
c:\users\osy96\onedrive\바탕 화면\serverproject\server\server\protocol.h(175): warning C4267: '=': 'size_t'에서 'int'(으)로 변환하면서 데이터가 손실될 수 있습니다.
c:\users\osy96\onedrive\바탕 화면\serverproject\server\server\protocol.h(210): warning C4267: '=': 'size_t'에서 'int'(으)로 변환하면서 데이터가 손실될 수 있습니다.
c:\users\osy96\onedrive\바탕 화면\serverproject\server\server\protocol.h(229): warning C4267: '=': 'size_t'에서 'int'(으)로 변환하면서 데이터가 손실될 수 있습니다.
c:\users\osy96\onedrive\바탕 화면\serverproject\server\server\gameserver.h(182): warning C4267: '인수': 'size_t'에서 'int'(으)로 변환하면서 데이터가 손실될 수 있습니다.
c:\users\osy96\onedrive\바탕 화면\serverproject\server\server\gameserver.h(286): warning C4101: 'ex' :참조되지 않은 지역 변수입니다.
c:\users\osy96\onedrive\바탕 화면\serverproject\server\server\gameserver.h(302): warning C4267: '인수': 'size_t'에서 'int'(으)로 변환하면서 데이터가 손실될 수 있습니다.
c:\users\osy96\onedrive\바탕 화면\serverproject\server\server\gameserver.h(314): warning C4267: '인수': 'size_t'에서 'int'(으)로 변환하면서 데이터가 손실될 수 있습니다.
  코드를 생성하고 있습니다...
  Server.vcxproj -> C:\Users\osy96\OneDrive\바탕 화면\ServerProject\Server\x64\Debug\Server.exe
