c:\users\osy96\onedrive\바탕 화면\serverproject\server\server\x64\debug\vc141.pdb
c:\users\osy96\onedrive\바탕 화면\serverproject\server\server\x64\debug\vc141.idb
c:\users\osy96\onedrive\바탕 화면\serverproject\server\server\x64\debug\roommanager.obj
c:\users\osy96\onedrive\바탕 화면\serverproject\server\server\x64\debug\main.obj
c:\users\osy96\onedrive\바탕 화면\serverproject\server\server\x64\debug\dbmanager.obj
c:\users\osy96\onedrive\바탕 화면\serverproject\server\server\x64\debug\database.obj
c:\users\osy96\onedrive\바탕 화면\serverproject\server\server\x64\debug\serversession.obj
c:\users\osy96\onedrive\바탕 화면\serverproject\server\server\x64\debug\msado15.tli
c:\users\osy96\onedrive\바탕 화면\serverproject\server\server\x64\debug\msado15.tlh
c:\users\osy96\onedrive\바탕 화면\serverproject\server\x64\debug\server.pdb
c:\users\osy96\onedrive\바탕 화면\serverproject\server\server\x64\debug\server.tlog\cl.command.1.tlog
c:\users\osy96\onedrive\바탕 화면\serverproject\server\server\x64\debug\server.tlog\cl.read.1.tlog
c:\users\osy96\onedrive\바탕 화면\serverproject\server\server\x64\debug\server.tlog\cl.write.1.tlog
c:\users\osy96\onedrive\바탕 화면\serverproject\server\server\x64\debug\server.tlog\link-cvtres.read.1.tlog
c:\users\osy96\onedrive\바탕 화면\serverproject\server\server\x64\debug\server.tlog\link-cvtres.write.1.tlog
c:\users\osy96\onedrive\바탕 화면\serverproject\server\server\x64\debug\server.tlog\link-rc.read.1.tlog
c:\users\osy96\onedrive\바탕 화면\serverproject\server\server\x64\debug\server.tlog\link-rc.write.1.tlog
c:\users\osy96\onedrive\바탕 화면\serverproject\server\server\x64\debug\server.tlog\link.20328-cvtres.read.1.tlog
c:\users\osy96\onedrive\바탕 화면\serverproject\server\server\x64\debug\server.tlog\link.20328-cvtres.write.1.tlog
c:\users\osy96\onedrive\바탕 화면\serverproject\server\server\x64\debug\server.tlog\link.20328-rc.read.1.tlog
c:\users\osy96\onedrive\바탕 화면\serverproject\server\server\x64\debug\server.tlog\link.20328-rc.write.1.tlog
c:\users\osy96\onedrive\바탕 화면\serverproject\server\server\x64\debug\server.tlog\link.20328.read.1.tlog
c:\users\osy96\onedrive\바탕 화면\serverproject\server\server\x64\debug\server.tlog\link.20328.write.1.tlog
c:\users\osy96\onedrive\바탕 화면\serverproject\server\server\x64\debug\server.tlog\link.command.1.tlog
c:\users\osy96\onedrive\바탕 화면\serverproject\server\server\x64\debug\server.tlog\link.read.1.tlog
c:\users\osy96\onedrive\바탕 화면\serverproject\server\server\x64\debug\server.tlog\link.write.1.tlog
